0 info it worked if it ends with ok
1 verbose cli [ 'C:\\Program Files\\nodejs\\node.exe',
1 verbose cli   'C:\\Program Files\\nodejs\\node_modules\\npm\\bin\\npm-cli.js',
1 verbose cli   'start' ]
2 info using npm@6.9.0
3 info using node@v10.16.3
4 verbose run-script [ 'prestart', 'start', 'poststart' ]
5 info lifecycle @~prestart: @
6 info lifecycle @~start: @
7 verbose lifecycle @~start: unsafe-perm in lifecycle true
8 verbose lifecycle @~start: PATH: C:\Program Files\nodejs\node_modules\npm\node_modules\npm-lifecycle\node-gyp-bin;C:\swipe-app\node_modules\.bin;C:\Users\Reed Hopkins\bin;C:\Program Files\Git\mingw64\bin;C:\Program Files\Git\usr\local\bin;C:\Program Files\Git\usr\bin;C:\Program Files\Git\usr\bin;C:\Program Files\Git\mingw64\bin;C:\Program Files\Git\usr\bin;C:\Users\Reed Hopkins\bin;C:\WINDOWS\system32;C:\WINDOWS;C:\WINDOWS\System32\Wbem;C:\WINDOWS\System32\WindowsPowerShell\v1.0;C:\WINDOWS\System32\OpenSSH;C:\Program Files\Git\cmd;C:\Program Files\nodejs;C:\Program Files\Intel\WiFi\bin;C:\Program Files\Common Files\Intel\WirelessCommon;C:\Program Files (x86)\Intel\Intel(R) Management Engine Components\DAL;C:\Program Files\Intel\Intel(R) Management Engine Components\DAL;C:\Program Files\dotnet;C:\Users\Reed Hopkins\AppData\Local\Programs\Python\Python38\Scripts;C:\Users\Reed Hopkins\AppData\Local\Programs\Python\Python38;C:\Users\Reed Hopkins\AppData\Local\Microsoft\WindowsApps;C:\Users\Reed Hopkins\AppData\Local\Programs\Microsoft VS Code\bin;C:\Users\Reed Hopkins\AppData\Roaming\npm;C:\Program Files\Git\usr\bin\vendor_perl;C:\Program Files\Git\usr\bin\core_perl
9 verbose lifecycle @~start: CWD: C:\swipe-app
10 silly lifecycle @~start: Args: [ '/d /s /c', 'expo start' ]
11 silly lifecycle @~start: Returned: code: 1  signal: null
12 info lifecycle @~start: Failed to exec start script
13 verbose stack Error: @ start: `expo start`
13 verbose stack Exit status 1
13 verbose stack     at EventEmitter.<anonymous> (C:\Program Files\nodejs\node_modules\npm\node_modules\npm-lifecycle\index.js:301:16)
13 verbose stack     at EventEmitter.emit (events.js:198:13)
13 verbose stack     at ChildProcess.<anonymous> (C:\Program Files\nodejs\node_modules\npm\node_modules\npm-lifecycle\lib\spawn.js:55:14)
13 verbose stack     at ChildProcess.emit (events.js:198:13)
13 verbose stack     at maybeClose (internal/child_process.js:982:16)
13 verbose stack     at Process.ChildProcess._handle.onexit (internal/child_process.js:259:5)
14 verbose pkgid @
15 verbose cwd C:\swipe-app
16 verbose Windows_NT 10.0.18363
17 verbose argv "C:\\Program Files\\nodejs\\node.exe" "C:\\Program Files\\nodejs\\node_modules\\npm\\bin\\npm-cli.js" "start"
18 verbose node v10.16.3
19 verbose npm  v6.9.0
20 error code ELIFECYCLE
21 error errno 1
22 error @ start: `expo start`
22 error Exit status 1
23 error Failed at the @ start script.
23 error This is probably not a problem with npm. There is likely additional logging output above.
24 verbose exit [ 1, true ]
